<?xml version="1.0" encoding="UTF-8"?>
<testsuite name="org.example.io.CSVToParquetFileConverterTest" tests="1" skipped="0" failures="0" errors="0" timestamp="2022-02-03T11:14:13" hostname="DESKTOP-MQBECGN" time="9.242">
  <properties/>
  <testcase name="convertCSVToParquet()" classname="org.example.io.CSVToParquetFileConverterTest" time="9.242"/>
  <system-out><![CDATA[key AirbnbListing.parquet
key ausnews.parquet
key data.zip
key netflix_titles.parquet
Before Extracting file data.zip Thread Test worker
Started Extracting file data.zip Thread Test worker
Zip file name before deleting data.zip
Delete file data.zip Thread name Test worker
File deleted!!!
Before reading CSV file AirbnbListing.csv Thread Test worker
Writing Parquet file AirbnbListing.csv Thread Test worker
Writing Parquet file AirbnbListing.csv Thread Test worker
Writing Parquet file AirbnbListing.csv Thread Test worker
Writing Parquet file AirbnbListing.csv Thread Test worker
Writing Parquet file AirbnbListing.csv Thread Test worker
Writing Parquet file AirbnbListing.csv Thread Test worker
Writing Parquet file AirbnbListing.csv Thread Test worker
Writing Parquet file AirbnbListing.csv Thread Test worker
Writing Parquet file AirbnbListing.csv Thread Test worker
Writing Parquet file AirbnbListing.csv Thread Test worker
Writing Parquet file AirbnbListing.csv Thread Test worker
Writing Parquet file AirbnbListing.csv Thread Test worker
Writing Parquet file AirbnbListing.csv Thread Test worker
Writing Parquet file AirbnbListing.csv Thread Test worker
Writing Parquet file AirbnbListing.csv Thread Test worker
Writing Parquet file AirbnbListing.csv Thread Test worker
Writing Parquet file AirbnbListing.csv Thread Test worker
Writing Parquet file AirbnbListing.csv Thread Test worker
Writing Parquet file AirbnbListing.csv Thread Test worker
Writing Parquet file AirbnbListing.csv Thread Test worker
Writing Parquet file AirbnbListing.csv Thread Test worker
Writing Parquet file AirbnbListing.csv Thread Test worker
Writing Parquet file AirbnbListing.csv Thread Test worker
Started Parquet File Upload AirbnbListing.parquet Thread Test worker Time 2022-02-03T22:14:21.975509800
Started Parquet File Upload AirbnbListing.parquet Thread Test worker File Size MB 0.006497383117675781
Parquet File Uploaded to S3 AirbnbListing.parquet Thread Test worker
Delete file .AirbnbListing.parquet.crc Thread name Test worker
Delete file AirbnbListing.parquet Thread name Test worker
File deleted!!!
Delete file AirbnbListing.csv Thread name Test worker
File deleted!!!
Delete file ausnews.csv Thread name Test worker
Delete file netflix_titles.csv Thread name Test worker
Delete file .AirbnbListing.parquet.crc Thread name Test worker
File deleted!!!
Delete file ausnews.csv Thread name Test worker
Delete file netflix_titles.csv Thread name Test worker
Before reading CSV file ausnews.csv Thread Test worker
Writing Parquet file ausnews.csv Thread Test worker
Writing Parquet file ausnews.csv Thread Test worker
Writing Parquet file ausnews.csv Thread Test worker
Writing Parquet file ausnews.csv Thread Test worker
Writing Parquet file ausnews.csv Thread Test worker
Writing Parquet file ausnews.csv Thread Test worker
Writing Parquet file ausnews.csv Thread Test worker
Writing Parquet file ausnews.csv Thread Test worker
Writing Parquet file ausnews.csv Thread Test worker
Writing Parquet file ausnews.csv Thread Test worker
Writing Parquet file ausnews.csv Thread Test worker
Writing Parquet file ausnews.csv Thread Test worker
Writing Parquet file ausnews.csv Thread Test worker
Writing Parquet file ausnews.csv Thread Test worker
Writing Parquet file ausnews.csv Thread Test worker
Writing Parquet file ausnews.csv Thread Test worker
Writing Parquet file ausnews.csv Thread Test worker
Writing Parquet file ausnews.csv Thread Test worker
Writing Parquet file ausnews.csv Thread Test worker
Writing Parquet file ausnews.csv Thread Test worker
Writing Parquet file ausnews.csv Thread Test worker
Writing Parquet file ausnews.csv Thread Test worker
Writing Parquet file ausnews.csv Thread Test worker
Writing Parquet file ausnews.csv Thread Test worker
Writing Parquet file ausnews.csv Thread Test worker
Writing Parquet file ausnews.csv Thread Test worker
Writing Parquet file ausnews.csv Thread Test worker
Writing Parquet file ausnews.csv Thread Test worker
Writing Parquet file ausnews.csv Thread Test worker
Writing Parquet file ausnews.csv Thread Test worker
Writing Parquet file ausnews.csv Thread Test worker
Writing Parquet file ausnews.csv Thread Test worker
Writing Parquet file ausnews.csv Thread Test worker
Writing Parquet file ausnews.csv Thread Test worker
Writing Parquet file ausnews.csv Thread Test worker
Writing Parquet file ausnews.csv Thread Test worker
Writing Parquet file ausnews.csv Thread Test worker
Writing Parquet file ausnews.csv Thread Test worker
Writing Parquet file ausnews.csv Thread Test worker
Writing Parquet file ausnews.csv Thread Test worker
Started Parquet File Upload ausnews.parquet Thread Test worker Time 2022-02-03T22:14:22.515419500
Started Parquet File Upload ausnews.parquet Thread Test worker File Size MB 0.007431983947753906
Parquet File Uploaded to S3 ausnews.parquet Thread Test worker
Delete file .ausnews.parquet.crc Thread name Test worker
Delete file ausnews.parquet Thread name Test worker
File deleted!!!
Delete file ausnews.csv Thread name Test worker
File deleted!!!
Delete file netflix_titles.csv Thread name Test worker
Delete file .ausnews.parquet.crc Thread name Test worker
File deleted!!!
Delete file netflix_titles.csv Thread name Test worker
Before reading CSV file netflix_titles.csv Thread Test worker
Writing Parquet file netflix_titles.csv Thread Test worker
Writing Parquet file netflix_titles.csv Thread Test worker
Writing Parquet file netflix_titles.csv Thread Test worker
Writing Parquet file netflix_titles.csv Thread Test worker
Writing Parquet file netflix_titles.csv Thread Test worker
Writing Parquet file netflix_titles.csv Thread Test worker
Writing Parquet file netflix_titles.csv Thread Test worker
Writing Parquet file netflix_titles.csv Thread Test worker
Started Parquet File Upload netflix_titles.parquet Thread Test worker Time 2022-02-03T22:14:22.880312800
Started Parquet File Upload netflix_titles.parquet Thread Test worker File Size MB 0.006411552429199219
Parquet File Uploaded to S3 netflix_titles.parquet Thread Test worker
Delete file .netflix_titles.parquet.crc Thread name Test worker
Delete file netflix_titles.parquet Thread name Test worker
File deleted!!!
Delete file netflix_titles.csv Thread name Test worker
File deleted!!!
Delete file .netflix_titles.parquet.crc Thread name Test worker
File deleted!!!
]]></system-out>
  <system-err><![CDATA[22/02/03 22:14:21 WARN util.NativeCodeLoader: Unable to load native-hadoop library for your platform... using builtin-java classes where applicable
22/02/03 22:14:21 INFO compress.CodecPool: Got brand-new compressor
]]></system-err>
</testsuite>
